


materialPath: C:\Program Files (x86)\Steam\SteamApps\sourcemods\HL2-Integration\materials
Loading C:\Program Files (x86)\Steam\SteamApps\sourcemods\HL2-Integration\maps\zombie_town02clusterfuck.vmf
ConVarRef mat_reduceparticles doesn't point to an existing ConVar
Could not locate 'GameData' key in c:\program files (x86)\steam\steamapps\sourcemods\hl2-integration\gameinfo.txt
Patching WVT material: maps/zombie_town02clusterfuck/nature/blendgrassdirt01_wvt_patch
fixing up env_cubemap materials on brush sides...
0...1...2...3...4...5...6...7...8...9...100...1...2...3...4...5...6...7...8...9...10Processing areas...done (0)
Building Faces...done (0)
Chop Details...done (0)
Find Visible Detail Sides...
Merged 294 detail faces...done (0)
Merging details...done (0)
FixTjuncs...
PruneNodes...
WriteBSP...
done (1)
writing C:\Program Files (x86)\Steam\SteamApps\sourcemods\HL2-Integration\maps\zombie_town02clusterfuck.prt...Building visibility clusters...
done (0)
Creating default LDR cubemaps for env_cubemap using skybox materials:
   skybox/sky_wasteland02*.vmt
 ! Run buildcubemaps in the engine to get the correct cube maps.
Creating default HDR cubemaps for env_cubemap using skybox materials:
   skybox/sky_wasteland02*.vmt
 ! Run buildcubemaps in the engine to get the correct cube maps.
Finding displacement neighbors...
Finding lightmap sample positions...
Displacement Alpha : 0...1...2...3...4...5...6...7...8...9...10
Building Physics collision data...
WARNING: Map using power 4 displacements, terrain physics cannot be compressed, map will need additional memory and CPU.
done (0) (1383760 bytes)
Placing detail props : 0...1...2...3...4...5...6...7...8...9...10
Compacting texture/material tables...
Reduced 1432 texinfos to 1012
Reduced 50 texdatas to 47 (1215 bytes to 1039)
Writing C:\Program Files (x86)\Steam\SteamApps\sourcemods\HL2-Integration\maps\zombie_town02clusterfuck.bsp
2 seconds elapsed



4 threads
reading c:\program files (x86)\steam\steamapps\sourcemods\hl2-integration\maps\zombie_town02clusterfuck.bsp
reading c:\program files (x86)\steam\steamapps\sourcemods\hl2-integration\maps\zombie_town02clusterfuck.prt
1202 portalclusters
4526 numportals
0...1...2...3...4...5...6...7...8...9...10Optimized: 12174 visible clusters (0.89%)
Total clusters visible: 1363755
Average clusters visible: 1134
Building PAS...
Average clusters audible: 1199
visdatasize:370561  compressed from 365408
writing c:\program files (x86)\steam\steamapps\sourcemods\hl2-integration\maps\zombie_town02clusterfuck.bsp
1 second elapsed



[Reading texlights from 'lights.rad']
[49 texlights parsed from 'lights.rad']

Loading c:\program files (x86)\steam\steamapps\sourcemods\hl2-integration\maps\zombie_town02clusterfuck.bsp
Patch Sample Radius Clamped!
Patch Sample Radius Clamped!
Patch Sample Radius Clamped!
Patch Sample Radius Clamped!
Patch Sample Radius Clamped!
Patch Sample Radius Clamped!
Patch Sample Radius Clamped!
Patch Sample Radius Clamped!
Patch Sample Radius Clamped!
Patch Sample Radius Clamped!
Patch Sample Radius Clamped!
Patch Sample Radius Clamped!
Patch Sample Radius Clamped!
Patch Sample Radius Clamped!
Patch Sample Radius Clamped!
Patch Sample Radius Clamped!
Patch Sample Radius Clamped!
Patch Sample Radius Clamped!
Patch Sample Radius Clamped!
Patch Sample Radius Clamped!
Patch Sample Radius Clamped!
Patch Sample Radius Clamped!
Patch Sample Radius Clamped!
Patch Sample Radius Clamped!
Patch Sample Radius Clamped!
Patch Sample Radius Clamped!
Patch Sample Radius Clamped!
Patch Sample Radius Clamped!
Patch Sample Radius Clamped!
Patch Sample Radius Clamped!
Patch Sample Radius Clamped!
Patch Sample Radius Clamped!
Patch Sample Radius Clamped!
Patch Sample Radius Clamped!
Patch Sample Radius Clamped!
Patch Sample Radius Clamped!
Patch Sample Radius Clamped!
Patch Sample Radius Clamped!
Patch Sample Radius Clamped!
Patch Sample Radius Clamped!
Patch Sample Radius Clamped!
Patch Sample Radius Clamped!
Patch Sample Radius Clamped!
Patch Sample Radius Clamped!
Patch Sample Radius Clamped!
Patch Sample Radius Clamped!
Patch Sample Radius Clamped!
Patch Sample Radius Clamped!
Patch Sample Radius Clamped!
Patch Sample Radius Clamped!
Patch Sample Radius Clamped!
Patch Sample Radius Clamped!
Patch Sample Radius Clamped!
Patch Sample Radius Clamped!
Patch Sample Radius Clamped!
Patch Sample Radius Clamped!
Patch Sample Radius Clamped!
Patch Sample Radius Clamped!
Patch Sample Radius Clamped!
Patch Sample Radius Clamped!
Patch Sample Radius Clamped!
Patch Sample Radius Clamped!
Patch Sample Radius Clamped!
Patch Sample Radius Clamped!
Patch Sample Radius Clamped!
Patch Sample Radius Clamped!
Patch Sample Radius Clamped!
Patch Sample Radius Clamped!
Patch Sample Radius Clamped!
Patch Sample Radius Clamped!
Patch Sample Radius Clamped!
Patch Sample Radius Clamped!
Patch Sample Radius Clamped!
Patch Sample Radius Clamped!
Patch Sample Radius Clamped!
Patch Sample Radius Clamped!
Patch Sample Radius Clamped!
Patch Sample Radius Clamped!
Patch Sample Radius Clamped!
Patch Sample Radius Clamped!
Patch Sample Radius Clamped!
Patch Sample Radius Clamped!
Patch Sample Radius Clamped!
Patch Sample Radius Clamped!
3985 faces
1879639 square feet [270668064.00 square inches]
89 Displacements
504702 Square Feet [72677088.00 Square Inches]
3985 patches before subdivision
31317 patches after subdivision
6 direct lights
0...1...2...3...4...5...6...7...8...9...100...1...2...3...4...5...6...7...8...9...10transfers 3941603, max 1262
transfer lists:  30.1 megs
0...1...2...3...4...5...6...7...8...9...10	Bounce #1 added RGB(157970, 141415, 76156)
0...1...2...3...4...5...6...7...8...9...10	Bounce #2 added RGB(11174, 8425, 3646)
0...1...2...3...4...5...6...7...8...9...10	Bounce #3 added RGB(1221, 803, 287)
0...1...2...3...4...5...6...7...8...9...10	Bounce #4 added RGB(138, 78, 23)
0...1...2...3...4...5...6...7...8...9...10	Bounce #5 added RGB(18, 9, 2)
0...1...2...3...4...5...6...7...8...9...10	Bounce #6 added RGB(3, 1, 0)
0...1...2...3...4...5...6...7...8...9...10	Bounce #7 added RGB(0, 0, 0)
Build Patch/Sample Hash Table(s).....Done<0.0092 sec>
0...1...2...3...4...5...6...7...8...9...10FinalLightFace Done
Computing detail prop lighting : 0...1...2...3...4...5...6...7...8...9...10
0 of 0 (0% of) surface lights went in leaf ambient cubes.
0...1...2...3...4...5...6...7...8...9...10Writing leaf ambient...done
Ready to Finish

Object names       Objects/Maxobjs  Memory / Maxmem  Fullness 
------------       ---------------  ---------------  -------- 
models                   1/1024           48/49152    ( 0.1%) 
brushes                656/8192         7872/98304    ( 8.0%) 
brushsides            5652/65536       45216/524288   ( 8.6%) 
planes                4702/65536       94040/1310720  ( 7.2%) 
vertexes              5980/65536       71760/786432   ( 9.1%) 
nodes                 2059/65536       65888/2097152  ( 3.1%) 
texinfos              1012/12288       72864/884736   ( 8.2%) 
texdata                 47/2048         1504/65536    ( 2.3%) 
dispinfos               89/0           15664/0        ( 0.0%) 
disp_verts            6297/0          125940/0        ( 0.0%) 
disp_tris             9856/0           19712/0        ( 0.0%) 
disp_lmsamples       49916/0           49916/0        ( 0.0%) 
faces                 3985/65536      223160/3670016  ( 6.1%) 
hdr faces                0/65536           0/3670016  ( 0.0%) 
origfaces             2449/65536      137144/3670016  ( 3.7%) 
leaves                2061/65536       65952/2097152  ( 3.1%) 
leaffaces             4671/65536        9342/131072   ( 7.1%) 
leafbrushes           1514/65536        3028/131072   ( 2.3%) 
areas                    3/256            24/2048     ( 1.2%) 
surfedges            29754/512000     119016/2048000  ( 5.8%) 
edges                16859/256000      67436/1024000  ( 6.6%) 
LDR worldlights          5/8192          440/720896   ( 0.1%) 
HDR worldlights          0/8192            0/720896   ( 0.0%) 
leafwaterdata            0/32768           0/393216   ( 0.0%) 
waterstrips            365/32768        3650/327680   ( 1.1%) 
waterverts               0/65536           0/786432   ( 0.0%) 
waterindices          6462/65536       12924/131072   ( 9.9%) 
cubemapsamples           0/1024            0/16384    ( 0.0%) 
overlays                 0/512             0/180224   ( 0.0%) 
LDR lightdata         [variable]     1507736/0        ( 0.0%) 
HDR lightdata         [variable]           0/0        ( 0.0%) 
visdata               [variable]      370561/16777216 ( 2.2%) 
entdata               [variable]       76680/393216   (19.5%) 
LDR ambient table     2061/65536        8244/262144   ( 3.1%) 
HDR ambient table     2061/65536        8244/262144   ( 3.1%) 
LDR leaf ambient     11620/65536      325360/1835008  (17.7%) 
HDR leaf ambient      2061/65536       57708/1835008  ( 3.1%) 
occluders                0/0               0/0        ( 0.0%) 
occluder polygons        0/0               0/0        ( 0.0%) 
occluder vert ind        0/0               0/0        ( 0.0%) 
detail props          [variable]           1/663872   ( 0.0%) 
dtl prp lght          [variable]           1/4        (25.0%) 
HDR dtl prp lght      [variable]           1/4        (25.0%) 
static props          [variable]           1/12       ( 8.3%) 
pakfile               [variable]      174628/0        ( 0.0%) 
physics               [variable]     1383760/4194304  (33.0%) 
physics terrain       [variable]           0/1048576  ( 0.0%) 

Level flags = 0

Total triangle count: 11551
Writing c:\program files (x86)\steam\steamapps\sourcemods\hl2-integration\maps\zombie_town02clusterfuck.bsp
22 seconds elapsed



materialPath: C:\Program Files (x86)\Steam\SteamApps\sourcemods\HL2-Integration\materials
Loading C:\Program Files (x86)\Steam\SteamApps\sourcemods\HL2-Integration\maps\zombie_town02clusterfuck.vmf
ConVarRef mat_reduceparticles doesn't point to an existing ConVar
Could not locate 'GameData' key in c:\program files (x86)\steam\steamapps\sourcemods\hl2-integration\gameinfo.txt
0 seconds elapsed
